2020-08-10 17:23:12,141 [main] INFO  [c.s.y.YellowTomatoesSystemApplication] StartupInfoLogger.java:55 - Starting YellowTomatoesSystemApplication on DESKTOP-12K8J29 with PID 105596 (C:\Users\shang\IdeaProjects\yellow-tomatoes\yellow-tomatoes-system\target\classes started by shang in C:\Users\shang\IdeaProjects\yellow-tomatoes)
2020-08-10 17:23:12,147 [main] INFO  [c.s.y.YellowTomatoesSystemApplication] SpringApplication.java:655 - The following profiles are active: dev
2020-08-10 17:23:13,242 [main] WARN  [org.mybatis.spring.mapper.ClassPathMapperScanner] Logger.java:44 - No MyBatis mapper was found in '[com.scd.yellowtomatoessystem]' package. Please check your configuration.
2020-08-10 17:23:13,351 [main] WARN  [org.mybatis.spring.mapper.ClassPathMapperScanner] Logger.java:44 - No MyBatis mapper was found in '[com.scd.yellowtomatoessystem]' package. Please check your configuration.
2020-08-10 17:23:13,909 [main] INFO  [o.s.boot.web.embedded.tomcat.TomcatWebServer] TomcatWebServer.java:108 - Tomcat initialized with port(s): 8080 (http)
2020-08-10 17:23:13,921 [main] INFO  [org.apache.coyote.http11.Http11NioProtocol] DirectJDKLog.java:173 - Initializing ProtocolHandler ["http-nio-8080"]
2020-08-10 17:23:13,922 [main] INFO  [org.apache.catalina.core.StandardService] DirectJDKLog.java:173 - Starting service [Tomcat]
2020-08-10 17:23:13,922 [main] INFO  [org.apache.catalina.core.StandardEngine] DirectJDKLog.java:173 - Starting Servlet engine: [Apache Tomcat/9.0.37]
2020-08-10 17:23:14,139 [main] INFO  [o.a.c.core.ContainerBase.[Tomcat].[localhost].[/]] DirectJDKLog.java:173 - Initializing Spring embedded WebApplicationContext
2020-08-10 17:23:14,140 [main] INFO  [o.s.b.w.s.c.ServletWebServerApplicationContext] ServletWebServerApplicationContext.java:285 - Root WebApplicationContext: initialization completed in 1854 ms
2020-08-10 17:23:14,526 [main] INFO  [o.s.scheduling.concurrent.ThreadPoolTaskExecutor] ExecutorConfigurationSupport.java:181 - Initializing ExecutorService 'applicationTaskExecutor'
2020-08-10 17:23:14,801 [main] INFO  [c.a.d.s.b.a.DruidDataSourceAutoConfigure] DruidDataSourceAutoConfigure.java:56 - Init DruidDataSource
2020-08-10 17:23:15,135 [main] INFO  [com.alibaba.druid.pool.DruidDataSource] DruidDataSource.java:930 - {dataSource-1} inited
2020-08-10 17:23:15,513 [main] INFO  [org.apache.coyote.http11.Http11NioProtocol] DirectJDKLog.java:173 - Starting ProtocolHandler ["http-nio-8080"]
2020-08-10 17:23:15,545 [main] INFO  [o.s.boot.web.embedded.tomcat.TomcatWebServer] TomcatWebServer.java:220 - Tomcat started on port(s): 8080 (http) with context path ''
2020-08-10 17:23:15,557 [main] INFO  [c.s.y.YellowTomatoesSystemApplication] StartupInfoLogger.java:61 - Started YellowTomatoesSystemApplication in 4.368 seconds (JVM running for 7.557)
2020-08-10 17:23:36,292 [http-nio-8080-exec-1] INFO  [o.a.c.core.ContainerBase.[Tomcat].[localhost].[/]] DirectJDKLog.java:173 - Initializing Spring DispatcherServlet 'dispatcherServlet'
2020-08-10 17:23:36,293 [http-nio-8080-exec-1] INFO  [org.springframework.web.servlet.DispatcherServlet] FrameworkServlet.java:525 - Initializing Servlet 'dispatcherServlet'
2020-08-10 17:23:36,321 [http-nio-8080-exec-1] INFO  [org.springframework.web.servlet.DispatcherServlet] FrameworkServlet.java:547 - Completed initialization in 19 ms
2020-08-25 14:26:08,099 [main] INFO  [c.s.y.YellowTomatoesSystemApplication] StartupInfoLogger.java:55 - Starting YellowTomatoesSystemApplication on DESKTOP-12K8J29 with PID 18896 (C:\Users\shang\IdeaProjects\yellow-tomatoes\yellow-tomatoes-system\target\classes started by shang in C:\Users\shang\IdeaProjects\yellow-tomatoes)
2020-08-25 14:26:08,122 [main] INFO  [c.s.y.YellowTomatoesSystemApplication] SpringApplication.java:655 - The following profiles are active: dev
2020-08-25 14:26:10,019 [main] WARN  [org.mybatis.spring.mapper.ClassPathMapperScanner] Logger.java:44 - No MyBatis mapper was found in '[com.scd.yellowtomatoessystem]' package. Please check your configuration.
2020-08-25 14:26:10,198 [main] WARN  [org.mybatis.spring.mapper.ClassPathMapperScanner] Logger.java:44 - No MyBatis mapper was found in '[com.scd.yellowtomatoessystem]' package. Please check your configuration.
2020-08-25 14:26:10,929 [main] INFO  [o.s.boot.web.embedded.tomcat.TomcatWebServer] TomcatWebServer.java:108 - Tomcat initialized with port(s): 8080 (http)
2020-08-25 14:26:10,947 [main] INFO  [org.apache.coyote.http11.Http11NioProtocol] DirectJDKLog.java:173 - Initializing ProtocolHandler ["http-nio-8080"]
2020-08-25 14:26:10,949 [main] INFO  [org.apache.catalina.core.StandardService] DirectJDKLog.java:173 - Starting service [Tomcat]
2020-08-25 14:26:10,950 [main] INFO  [org.apache.catalina.core.StandardEngine] DirectJDKLog.java:173 - Starting Servlet engine: [Apache Tomcat/9.0.37]
2020-08-25 14:26:11,083 [main] INFO  [o.a.c.core.ContainerBase.[Tomcat].[localhost].[/]] DirectJDKLog.java:173 - Initializing Spring embedded WebApplicationContext
2020-08-25 14:26:11,084 [main] INFO  [o.s.b.w.s.c.ServletWebServerApplicationContext] ServletWebServerApplicationContext.java:285 - Root WebApplicationContext: initialization completed in 2764 ms
2020-08-25 14:26:11,374 [main] INFO  [o.s.scheduling.concurrent.ThreadPoolTaskExecutor] ExecutorConfigurationSupport.java:181 - Initializing ExecutorService 'applicationTaskExecutor'
2020-08-25 14:26:11,679 [main] INFO  [c.a.d.s.b.a.DruidDataSourceAutoConfigure] DruidDataSourceAutoConfigure.java:56 - Init DruidDataSource
2020-08-25 14:26:12,119 [main] INFO  [com.alibaba.druid.pool.DruidDataSource] DruidDataSource.java:930 - {dataSource-1} inited
2020-08-25 14:26:12,619 [main] INFO  [org.apache.coyote.http11.Http11NioProtocol] DirectJDKLog.java:173 - Starting ProtocolHandler ["http-nio-8080"]
2020-08-25 14:26:12,762 [main] INFO  [o.s.boot.web.embedded.tomcat.TomcatWebServer] TomcatWebServer.java:220 - Tomcat started on port(s): 8080 (http) with context path ''
2020-08-25 14:26:12,842 [main] INFO  [c.s.y.YellowTomatoesSystemApplication] StartupInfoLogger.java:61 - Started YellowTomatoesSystemApplication in 6.339 seconds (JVM running for 9.143)
2020-08-25 14:26:26,899 [http-nio-8080-exec-1] INFO  [o.a.c.core.ContainerBase.[Tomcat].[localhost].[/]] DirectJDKLog.java:173 - Initializing Spring DispatcherServlet 'dispatcherServlet'
2020-08-25 14:26:26,900 [http-nio-8080-exec-1] INFO  [org.springframework.web.servlet.DispatcherServlet] FrameworkServlet.java:525 - Initializing Servlet 'dispatcherServlet'
2020-08-25 14:26:26,909 [http-nio-8080-exec-1] INFO  [org.springframework.web.servlet.DispatcherServlet] FrameworkServlet.java:547 - Completed initialization in 8 ms
2020-08-25 14:45:09,344 [SpringContextShutdownHook] INFO  [com.alibaba.druid.pool.DruidDataSource] DruidDataSource.java:1825 - {dataSource-1} closed
2020-08-25 14:45:09,346 [SpringContextShutdownHook] INFO  [o.s.scheduling.concurrent.ThreadPoolTaskExecutor] ExecutorConfigurationSupport.java:218 - Shutting down ExecutorService 'applicationTaskExecutor'
